<?xml version="1.0" encoding="UTF-8"?>
<!-- Generated by org.testng.reporters.JUnitXMLReporter -->
<testsuite hostname="zhaoxia-PC" ignored="6" name="Default test" tests="1" failures="0" timestamp="03 May 2018 03:41:07 GMT" time="23.232" errors="0">
  <testcase name="NoPrice" time="4.258" classname="testPackage.TestClass"/>
  <testcase name="loginTest" time="0.0" classname="testPackage.TestClass">
    <ignored/>
  </testcase> <!-- loginTest -->
  <testcase name="DeleteTMRecordAndValidate" time="0.0" classname="testPackage.TestClass">
    <ignored/>
  </testcase> <!-- DeleteTMRecordAndValidate -->
  <testcase name="GetEMI1" time="0.0" classname="testPackage.TestClass">
    <ignored/>
  </testcase> <!-- GetEMI1 -->
  <testcase name="loginTest2" time="0.0" classname="testPackage.TestClass">
    <ignored/>
  </testcase> <!-- loginTest2 -->
  <testcase name="EditTMRecordAndValidate" time="0.0" classname="testPackage.TestClass">
    <ignored/>
  </testcase> <!-- EditTMRecordAndValidate -->
  <testcase name="CreateTMRecordAndValidate" time="0.0" classname="testPackage.TestClass">
    <ignored/>
  </testcase> <!-- CreateTMRecordAndValidate -->
</testsuite> <!-- Default test -->
